#
# A fatal error has been detected by the Java Runtime Environment:
#
#  SIGSEGV (0xb) at pc=0x00007f4df15e863b, pid=32275, tid=139972863575808
#
# JRE version: Java(TM) SE Runtime Environment (7.0_67-b01) (build 1.7.0_67-b01)
# Java VM: Java HotSpot(TM) 64-Bit Server VM (24.65-b04 mixed mode linux-amd64 compressed oops)
# Problematic frame:
# C  [libGL.so.1+0x4363b]  glXGetDriverConfig+0x3d2b
#
# Failed to write core dump. Core dumps have been disabled. To enable core dumping, try "ulimit -c unlimited" before starting Java again
#
# If you would like to submit a bug report, please visit:
#   http://bugreport.sun.com/bugreport/crash.jsp
# The crash happened outside the Java Virtual Machine in native code.
# See problematic frame for where to report the bug.
#

---------------  T H R E A D  ---------------

Current thread (0x00007f4dfc06f800):  JavaThread "Finalizer" daemon [_thread_in_native, id=32288, stack(0x00007f4df8bfc000,0x00007f4df8cfd000)]

siginfo:si_signo=SIGSEGV: si_errno=0, si_code=1 (SEGV_MAPERR), si_addr=0x0000000000000001

Registers:
RAX=0x000000000000009b, RBX=0x00007f4dfc126a50, RCX=0x00007f4e03d253cd, RDX=0x00007f4e03ffa9d0
RSP=0x00007f4df8cfb1a0, RBP=0x00007f4dfc127e20, RSI=0x0000000000000000, RDI=0x00007f4df8cf8950
R8 =0x00007f4df8cfc700, R9 =0x0000000000000002, R10=0x00007f4e03ff6be0, R11=0x0000000000000000
R12=0x00007f4dd4538478, R13=0x0000000000000001, R14=0x000000000400000d, R15=0x00007f4df8cfb2b0
RIP=0x00007f4df15e863b, EFLAGS=0x0000000000010202, CSGSFS=0x0000000000000033, ERR=0x0000000000000006
  TRAPNO=0x000000000000000e

Top of Stack: (sp=0x00007f4df8cfb1a0)
0x00007f4df8cfb1a0:   00007f4dfc129088 00007f4dd453847c
0x00007f4df8cfb1b0:   00007f4df0409ac0 00007f4dfc129070
0x00007f4df8cfb1c0:   00007f4df8cfb290 00007f4df12ac024
0x00007f4df8cfb1d0:   00007f4dfc129070 00007f4dc39e1f11
0x00007f4df8cfb1e0:   00007f4dfc129088 00007f4dfc12a190
0x00007f4df8cfb1f0:   0000000000000002 00007f4dd4008e60
0x00007f4df8cfb200:   00007f4dd40092b8 00007f4df8cfb2ac
0x00007f4df8cfb210:   00007f4dd453847c 00007f4dd4538478
0x00007f4df8cfb220:   00007f4dd4009000 00007f4df15e602b
0x00007f4df8cfb230:   00007f4df8cfb2ac 00007f4dfc129070
0x00007f4df8cfb240:   00007f4dd4538450 00007f4dd40092b8
0x00007f4df8cfb250:   00007f4dfc13f0e0 00007f4dbfec82e8
0x00007f4df8cfb260:   0000000000000001 00007f4dbfa849a9
0x00007f4df8cfb270:   00007f4dd4008e60 00007f4dbfa21f4a
0x00007f4df8cfb280:   00007f4dd45ae890 00007f4df8cfb2b0
0x00007f4df8cfb290:   00007f4d00000001 0000000000000000
0x00007f4df8cfb2a0:   00007f4dc3bf61e4 0000000000000000
0x00007f4df8cfb2b0:   0000002000000001 0000000000000000
0x00007f4df8cfb2c0:   0000000000000000 0000000000000000
0x00007f4df8cfb2d0:   00007f4dfc135e30 00007f4dd40092b8
0x00007f4df8cfb2e0:   00007f4dd4008d70 00007f4dd4538450
0x00007f4df8cfb2f0:   00007f4dd45ae890 00007f4dd45ae890
0x00007f4df8cfb300:   00007f4dd4538450 00007f4dbfa84dc3
0x00007f4df8cfb310:   00007f4dd40092b8 00007f4dd4008d70
0x00007f4df8cfb320:   00007f4dd4538450 00007f4dbfa84f1b
0x00007f4df8cfb330:   00007f4df8cfb358 00007f4dd40090f0
0x00007f4df8cfb340:   00007f4dd4008e60 00007f4dd4008e60
0x00007f4df8cfb350:   00007f4dfc135e30 000000000400000d
0x00007f4df8cfb360:   000000000400000d 00007f4dbfa1ef66
0x00007f4df8cfb370:   00007f4dd4008e60 00007f4df15e7938
0x00007f4df8cfb380:   00007f4dd4000b90 00007f4dfc127490
0x00007f4df8cfb390:   00007f4dfcdabaa0 00007f4dd40090f0 

Instructions: (pc=0x00007f4df15e863b)
0x00007f4df15e861b:   00 48 89 ef 48 63 d2 e8 d9 54 fd ff 49 89 c3 48
0x00007f4df15e862b:   8b 43 10 47 8d 4c 2d 00 31 f6 45 85 c9 8b 40 04
0x00007f4df15e863b:   41 c6 43 01 07 45 89 73 04 45 89 6b 08 41 88 03
0x00007f4df15e864b:   7e 15 0f 1f 00 45 8b 14 b7 45 89 54 b3 0c 48 83 

Register to memory mapping:

RAX=0x000000000000009b is an unknown value
RBX=0x00007f4dfc126a50 is an unknown value
RCX=0x00007f4e03d253cd: __write+0x2d in /lib/x86_64-linux-gnu/libc.so.6 at 0x00007f4e03c39000
RDX=0x00007f4e03ffa9d0: <offset 0x3c19d0> in /lib/x86_64-linux-gnu/libc.so.6 at 0x00007f4e03c39000
RSP=0x00007f4df8cfb1a0 is pointing into the stack for thread: 0x00007f4dfc06f800
RBP=0x00007f4dfc127e20 is an unknown value
RSI=0x0000000000000000 is an unknown value
RDI=0x00007f4df8cf8950 is pointing into the stack for thread: 0x00007f4dfc06f800
R8 =0x00007f4df8cfc700 is pointing into the stack for thread: 0x00007f4dfc06f800
R9 =0x0000000000000002 is an unknown value
R10=0x00007f4e03ff6be0: <offset 0x3bdbe0> in /lib/x86_64-linux-gnu/libc.so.6 at 0x00007f4e03c39000
R11=0x0000000000000000 is an unknown value
R12=0x00007f4dd4538478 is an unknown value
R13=0x0000000000000001 is an unknown value
R14=0x000000000400000d is an unknown value
R15=0x00007f4df8cfb2b0 is pointing into the stack for thread: 0x00007f4dfc06f800


Stack: [0x00007f4df8bfc000,0x00007f4df8cfd000],  sp=0x00007f4df8cfb1a0,  free space=1020k
Native frames: (J=compiled Java code, j=interpreted, Vv=VM code, C=native code)
C  [libGL.so.1+0x4363b]  glXGetDriverConfig+0x3d2b

Java frames: (J=compiled Java code, j=interpreted, Vv=VM code)
j  org.jsfml.graphics.Font.nativeDelete()V+0
j  org.jsfml.internal.SFMLNativeObject.finalize()V+17
j  java.lang.System$2.invokeFinalize(Ljava/lang/Object;)V+1
j  java.lang.ref.Finalizer.runFinalizer(Lsun/misc/JavaLangAccess;)V+46
j  java.lang.ref.Finalizer.access$100(Ljava/lang/ref/Finalizer;Lsun/misc/JavaLangAccess;)V+2
j  java.lang.ref.Finalizer$FinalizerThread.run()V+45
v  ~StubRoutines::call_stub

---------------  P R O C E S S  ---------------

Java Threads: ( => current thread )
  0x00007f4dfc096800 JavaThread "Service Thread" daemon [_thread_blocked, id=32292, stack(0x00007f4df266e000,0x00007f4df276f000)]
  0x00007f4dfc094000 JavaThread "C2 CompilerThread1" daemon [_thread_blocked, id=32291, stack(0x00007f4df276f000,0x00007f4df2870000)]
  0x00007f4dfc091000 JavaThread "C2 CompilerThread0" daemon [_thread_blocked, id=32290, stack(0x00007f4df802c000,0x00007f4df812d000)]
  0x00007f4dfc08f800 JavaThread "Signal Dispatcher" daemon [_thread_blocked, id=32289, stack(0x00007f4df812d000,0x00007f4df822e000)]
=>0x00007f4dfc06f800 JavaThread "Finalizer" daemon [_thread_in_native, id=32288, stack(0x00007f4df8bfc000,0x00007f4df8cfd000)]
  0x00007f4dfc06d800 JavaThread "Reference Handler" daemon [_thread_blocked, id=32287, stack(0x00007f4df8cfd000,0x00007f4df8dfe000)]
  0x00007f4dfc009800 JavaThread "main" [_thread_in_native, id=32276, stack(0x00007f4e04739000,0x00007f4e0483a000)]

Other Threads:
  0x00007f4dfc069800 VMThread [stack: 0x00007f4df8dfe000,0x00007f4df8eff000] [id=32286]
  0x00007f4dfc0a1000 WatcherThread [stack: 0x00007f4df256d000,0x00007f4df266e000] [id=32293]

VM state:not at safepoint (normal execution)

VM Mutex/Monitor currently owned by a thread: None

Heap
 PSYoungGen      total 12800K, used 1263K [0x00000000f2000000, 0x00000000f2e00000, 0x0000000100000000)
  eden space 11264K, 2% used [0x00000000f2000000,0x00000000f204aa40,0x00000000f2b00000)
  from space 1536K, 62% used [0x00000000f2c80000,0x00000000f2d71290,0x00000000f2e00000)
  to   space 1536K, 0% used [0x00000000f2b00000,0x00000000f2b00000,0x00000000f2c80000)
 ParOldGen       total 28672K, used 16K [0x00000000d6000000, 0x00000000d7c00000, 0x00000000f2000000)
  object space 28672K, 0% used [0x00000000d6000000,0x00000000d6004000,0x00000000d7c00000)
 PSPermGen       total 21504K, used 3803K [0x00000000d0e00000, 0x00000000d2300000, 0x00000000d6000000)
  object space 21504K, 17% used [0x00000000d0e00000,0x00000000d11b6fd0,0x00000000d2300000)

Card table byte_map: [0x00007f4e018ad000,0x00007f4e01a27000] byte_map_base: 0x00007f4e01226000

Polling page: 0x00007f4e04857000

Code Cache  [0x00007f4df9000000, 0x00007f4df9270000, 0x00007f4dfc000000)
 total_blobs=257 nmethods=37 adapters=175 free_code_cache=48708Kb largest_free_block=49864064

Compilation events (10 events):
Event: 9.037 Thread 0x00007f4dfc094000   33             java.nio.Buffer::<init> (121 bytes)
Event: 9.040 Thread 0x00007f4dfc094000 nmethod 33 0x00007f4df9068c10 code [0x00007f4df9068d60, 0x00007f4df9068e58]
Event: 9.109 Thread 0x00007f4dfc091000   34             java.nio.Buffer::position (5 bytes)
Event: 9.110 Thread 0x00007f4dfc091000 nmethod 34 0x00007f4df9068a10 code [0x00007f4df9068b40, 0x00007f4df9068b98]
Event: 9.233 Thread 0x00007f4dfc094000   35             java.nio.Buffer::limit (5 bytes)
Event: 9.234 Thread 0x00007f4dfc094000 nmethod 35 0x00007f4df9071c90 code [0x00007f4df9071dc0, 0x00007f4df9071e18]
Event: 9.302 Thread 0x00007f4dfc091000   36             java.util.ArrayList::access$100 (5 bytes)
Event: 9.303 Thread 0x00007f4dfc091000 nmethod 36 0x00007f4df9071e90 code [0x00007f4df9071fc0, 0x00007f4df9072018]
Event: 9.380 Thread 0x00007f4dfc094000   37             java.nio.DirectByteBuffer::address (5 bytes)
Event: 9.381 Thread 0x00007f4dfc094000 nmethod 37 0x00007f4df9072090 code [0x00007f4df90721c0, 0x00007f4df9072218]

GC Heap History (4 events):
Event: 5.026 GC heap before
{Heap before GC invocations=1 (full 0):
 PSYoungGen      total 12800K, used 11264K [0x00000000f2000000, 0x00000000f2e00000, 0x0000000100000000)
  eden space 11264K, 100% used [0x00000000f2000000,0x00000000f2b00000,0x00000000f2b00000)
  from space 1536K, 0% used [0x00000000f2c80000,0x00000000f2c80000,0x00000000f2e00000)
  to   space 1536K, 0% used [0x00000000f2b00000,0x00000000f2b00000,0x00000000f2c80000)
 ParOldGen       total 28672K, used 0K [0x00000000d6000000, 0x00000000d7c00000, 0x00000000f2000000)
  object space 28672K, 0% used [0x00000000d6000000,0x00000000d6000000,0x00000000d7c00000)
 PSPermGen       total 21504K, used 3798K [0x00000000d0e00000, 0x00000000d2300000, 0x00000000d6000000)
  object space 21504K, 17% used [0x00000000d0e00000,0x00000000d11b5b60,0x00000000d2300000)
Event: 5.031 GC heap after
Heap after GC invocations=1 (full 0):
 PSYoungGen      total 12800K, used 976K [0x00000000f2000000, 0x00000000f2e00000, 0x0000000100000000)
  eden space 11264K, 0% used [0x00000000f2000000,0x00000000f2000000,0x00000000f2b00000)
  from space 1536K, 63% used [0x00000000f2b00000,0x00000000f2bf4290,0x00000000f2c80000)
  to   space 1536K, 0% used [0x00000000f2c80000,0x00000000f2c80000,0x00000000f2e00000)
 ParOldGen       total 28672K, used 8K [0x00000000d6000000, 0x00000000d7c00000, 0x00000000f2000000)
  object space 28672K, 0% used [0x00000000d6000000,0x00000000d6002000,0x00000000d7c00000)
 PSPermGen       total 21504K, used 3798K [0x00000000d0e00000, 0x00000000d2300000, 0x00000000d6000000)
  object space 21504K, 17% used [0x00000000d0e00000,0x00000000d11b5b60,0x00000000d2300000)
}
Event: 9.373 GC heap before
{Heap before GC invocations=2 (full 0):
 PSYoungGen      total 12800K, used 12240K [0x00000000f2000000, 0x00000000f2e00000, 0x0000000100000000)
  eden space 11264K, 100% used [0x00000000f2000000,0x00000000f2b00000,0x00000000f2b00000)
  from space 1536K, 63% used [0x00000000f2b00000,0x00000000f2bf4290,0x00000000f2c80000)
  to   space 1536K, 0% used [0x00000000f2c80000,0x00000000f2c80000,0x00000000f2e00000)
 ParOldGen       total 28672K, used 8K [0x00000000d6000000, 0x00000000d7c00000, 0x00000000f2000000)
  object space 28672K, 0% used [0x00000000d6000000,0x00000000d6002000,0x00000000d7c00000)
 PSPermGen       total 21504K, used 3803K [0x00000000d0e00000, 0x00000000d2300000, 0x00000000d6000000)
  object space 21504K, 17% used [0x00000000d0e00000,0x00000000d11b6fd0,0x00000000d2300000)
Event: 9.378 GC heap after
Heap after GC invocations=2 (full 0):
 PSYoungGen      total 12800K, used 964K [0x00000000f2000000, 0x00000000f2e00000, 0x0000000100000000)
  eden space 11264K, 0% used [0x00000000f2000000,0x00000000f2000000,0x00000000f2b00000)
  from space 1536K, 62% used [0x00000000f2c80000,0x00000000f2d71290,0x00000000f2e00000)
  to   space 1536K, 0% used [0x00000000f2b00000,0x00000000f2b00000,0x00000000f2c80000)
 ParOldGen       total 28672K, used 16K [0x00000000d6000000, 0x00000000d7c00000, 0x00000000f2000000)
  object space 28672K, 0% used [0x00000000d6000000,0x00000000d6004000,0x00000000d7c00000)
 PSPermGen       total 21504K, used 3803K [0x00000000d0e00000, 0x00000000d2300000, 0x00000000d6000000)
  object space 21504K, 17% used [0x00000000d0e00000,0x00000000d11b6fd0,0x00000000d2300000)
}

Deoptimization events (1 events):
Event: 2.076 Thread 0x00007f4dfc009800 Uncommon trap: reason=unreached action=reinterpret pc=0x00007f4df90682f4 method=java.util.ArrayList.ensureCapacityInternal(I)V @ 7

Internal exceptions (10 events):
Event: 0.596 Thread 0x00007f4dfc009800 Threw 0x00000000f21fb2e8 at /HUDSON/workspace/7u-2-build-linux-amd64/jdk7u67/1368/hotspot/src/share/vm/prims/jvm.cpp:1244
Event: 0.598 Thread 0x00007f4dfc009800 Threw 0x00000000f22031f8 at /HUDSON/workspace/7u-2-build-linux-amd64/jdk7u67/1368/hotspot/src/share/vm/prims/jvm.cpp:1244
Event: 0.606 Thread 0x00007f4dfc009800 Threw 0x00000000f2205bf8 at /HUDSON/workspace/7u-2-build-linux-amd64/jdk7u67/1368/hotspot/src/share/vm/prims/jvm.cpp:1244
Event: 0.608 Thread 0x00007f4dfc009800 Threw 0x00000000f22090f8 at /HUDSON/workspace/7u-2-build-linux-amd64/jdk7u67/1368/hotspot/src/share/vm/prims/jvm.cpp:1244
Event: 0.609 Thread 0x00007f4dfc009800 Threw 0x00000000f220b9f0 at /HUDSON/workspace/7u-2-build-linux-amd64/jdk7u67/1368/hotspot/src/share/vm/prims/jvm.cpp:1244
Event: 0.611 Thread 0x00007f4dfc009800 Threw 0x00000000f2210e10 at /HUDSON/workspace/7u-2-build-linux-amd64/jdk7u67/1368/hotspot/src/share/vm/prims/jvm.cpp:1244
Event: 0.613 Thread 0x00007f4dfc009800 Threw 0x00000000f221e8e0 at /HUDSON/workspace/7u-2-build-linux-amd64/jdk7u67/1368/hotspot/src/share/vm/prims/jvm.cpp:1244
Event: 1.029 Thread 0x00007f4dfc009800 Threw 0x00000000f2243ac8 at /HUDSON/workspace/7u-2-build-linux-amd64/jdk7u67/1368/hotspot/src/share/vm/prims/jvm.cpp:1244
Event: 2.045 Thread 0x00007f4dfc009800 Threw 0x00000000f249d328 at /HUDSON/workspace/7u-2-build-linux-amd64/jdk7u67/1368/hotspot/src/share/vm/prims/jvm.cpp:1244
Event: 2.046 Thread 0x00007f4dfc009800 Threw 0x00000000f24a0660 at /HUDSON/workspace/7u-2-build-linux-amd64/jdk7u67/1368/hotspot/src/share/vm/prims/jvm.cpp:1244

Events (10 events):
Event: 9.383 Executing VM operation: RevokeBias
Event: 9.383 Executing VM operation: RevokeBias done
Event: 9.383 Executing VM operation: RevokeBias
Event: 9.384 Executing VM operation: RevokeBias done
Event: 9.384 Executing VM operation: RevokeBias
Event: 9.384 Executing VM operation: RevokeBias done
Event: 9.384 Executing VM operation: RevokeBias
Event: 9.384 Executing VM operation: RevokeBias done
Event: 9.384 Executing VM operation: BulkRevokeBias
Event: 9.384 Executing VM operation: BulkRevokeBias done


Dynamic libraries:
00400000-00401000 r-xp 00000000 08:05 520761                             /usr/lib/jvm/java-7-oracle/bin/java
00600000-00601000 rw-p 00000000 08:05 520761                             /usr/lib/jvm/java-7-oracle/bin/java
017f4000-01815000 rw-p 00000000 00:00 0                                  [heap]
d0e00000-d2300000 rw-p 00000000 00:00 0 
d2300000-d6000000 rw-p 00000000 00:00 0 
d6000000-d7c00000 rw-p 00000000 00:00 0 
d7c00000-f2000000 rw-p 00000000 00:00 0 
f2000000-f2e00000 rw-p 00000000 00:00 0 
f2e00000-100000000 rw-p 00000000 00:00 0 
7f4da8000000-7f4da8021000 rw-p 00000000 00:00 0 
7f4da8021000-7f4dac000000 ---p 00000000 00:00 0 
7f4daea83000-7f4daf988000 rw-p 00000000 00:00 0 
7f4daf988000-7f4daf9a0000 rw-s 10918d000 00:05 563                       /dev/dri/card0
7f4daf9a0000-7f4daf9b8000 rw-s 109175000 00:05 563                       /dev/dri/card0
7f4daf9b8000-7f4daf9d0000 rw-s 10915d000 00:05 563                       /dev/dri/card0
7f4daf9d0000-7f4daf9e8000 rw-s 1090bb000 00:05 563                       /dev/dri/card0
7f4daf9e8000-7f4dafa00000 rw-s 1090a3000 00:05 563                       /dev/dri/card0
7f4dafa00000-7f4db0000000 rw-s 1086b1000 00:05 563                       /dev/dri/card0
7f4db0000000-7f4db0021000 rw-p 00000000 00:00 0 
7f4db0021000-7f4db4000000 ---p 00000000 00:00 0 
7f4db4016000-7f4db402e000 rw-s 10908b000 00:05 563                       /dev/dri/card0
7f4db402e000-7f4db4046000 rw-s 109073000 00:05 563                       /dev/dri/card0
7f4db4046000-7f4db405e000 rw-s 10905b000 00:05 563                       /dev/dri/card0
7f4db405e000-7f4db4076000 rw-s 109043000 00:05 563                       /dev/dri/card0
7f4db4076000-7f4db408e000 rw-s 10902b000 00:05 563                       /dev/dri/card0
7f4db408e000-7f4db40a6000 rw-s 109012000 00:05 563                       /dev/dri/card0
7f4db40a6000-7f4db40be000 rw-s 108ffa000 00:05 563                       /dev/dri/card0
7f4db40be000-7f4db40d6000 rw-s 108fe2000 00:05 563                       /dev/dri/card0
7f4db40d6000-7f4db40ee000 rw-s 108fca000 00:05 563                       /dev/dri/card0
7f4db40ee000-7f4db4106000 rw-s 108fb1000 00:05 563                       /dev/dri/card0
7f4db4106000-7f4db4306000 rw-s 108cb1000 00:05 563                       /dev/dri/card0
7f4db4306000-7f4db54a4000 rw-p 00000000 00:00 0 
7f4db54a4000-7f4db54ad000 r-xp 00000000 08:05 142024                     /usr/lib/x86_64-linux-gnu/libXcursor.so.1.0.2
7f4db54ad000-7f4db56ac000 ---p 00009000 08:05 142024                     /usr/lib/x86_64-linux-gnu/libXcursor.so.1.0.2
7f4db56ac000-7f4db56ad000 r--p 00008000 08:05 142024                     /usr/lib/x86_64-linux-gnu/libXcursor.so.1.0.2
7f4db56ad000-7f4db56ae000 rw-p 00009000 08:05 142024                     /usr/lib/x86_64-linux-gnu/libXcursor.so.1.0.2
7f4db56ae000-7f4db5722000 rw-p 00000000 00:00 0 
7f4db572b000-7f4db5743000 rw-s 108f99000 00:05 563                       /dev/dri/card0
7f4db5743000-7f4db575b000 rw-s 108f81000 00:05 563                       /dev/dri/card0
7f4db575b000-7f4db5773000 rw-s 108f69000 00:05 563                       /dev/dri/card0
7f4db5773000-7f4db578b000 rw-s 10830d000 00:05 563                       /dev/dri/card0
7f4db578b000-7f4db57a3000 rw-s 108683000 00:05 563                       /dev/dri/card0
7f4db57a3000-7f4db57bb000 rw-s 108efb000 00:05 563                       /dev/dri/card0
7f4db57bb000-7f4db57d3000 rw-s 108ee2000 00:05 563                       /dev/dri/card0
7f4db57d3000-7f4db57eb000 rw-s 108eca000 00:05 563                       /dev/dri/card0
7f4db57eb000-7f4db5803000 rw-s 108eb2000 00:05 563                       /dev/dri/card0
7f4db5803000-7f4db6a10000 rw-p 00000000 00:00 0 
7f4db6a10000-7f4db6a11000 ---p 00000000 00:00 0 
7f4db6a11000-7f4db7211000 rw-p 00000000 00:00 0                          [stack:32296]
7f4db7211000-7f4dbb212000 rw-s 00000000 00:14 1342676                    /run/shm/pulse-shm-1076663314
7f4dbb212000-7f4dbb213000 ---p 00000000 00:00 0 
7f4dbb213000-7f4dbba13000 rw-p 00000000 00:00 0                          [stack:32295]
7f4dbba13000-7f4dbba2a000 r-xp 00000000 08:05 18338                      /lib/x86_64-linux-gnu/libresolv-2.19.so
7f4dbba2a000-7f4dbbc2a000 ---p 00017000 08:05 18338                      /lib/x86_64-linux-gnu/libresolv-2.19.so
7f4dbbc2a000-7f4dbbc2b000 r--p 00017000 08:05 18338                      /lib/x86_64-linux-gnu/libresolv-2.19.so
7f4dbbc2b000-7f4dbbc2c000 rw-p 00018000 08:05 18338                      /lib/x86_64-linux-gnu/libresolv-2.19.so
7f4dbbc2c000-7f4dbbc2e000 rw-p 00000000 00:00 0 
7f4dbbc2e000-7f4dbbc33000 r-xp 00000000 08:05 142102                     /usr/lib/x86_64-linux-gnu/libasyncns.so.0.3.1
7f4dbbc33000-7f4dbbe32000 ---p 00005000 08:05 142102                     /usr/lib/x86_64-linux-gnu/libasyncns.so.0.3.1
7f4dbbe32000-7f4dbbe33000 r--p 00004000 08:05 142102                     /usr/lib/x86_64-linux-gnu/libasyncns.so.0.3.1
7f4dbbe33000-7f4dbbe34000 rw-p 00005000 08:05 142102                     /usr/lib/x86_64-linux-gnu/libasyncns.so.0.3.1
7f4dbbe34000-7f4dbbe3c000 r-xp 00000000 08:05 6321                       /lib/x86_64-linux-gnu/libwrap.so.0.7.6
7f4dbbe3c000-7f4dbc03b000 ---p 00008000 08:05 6321                       /lib/x86_64-linux-gnu/libwrap.so.0.7.6
7f4dbc03b000-7f4dbc03c000 r--p 00007000 08:05 6321                       /lib/x86_64-linux-gnu/libwrap.so.0.7.6
7f4dbc03c000-7f4dbc03d000 rw-p 00008000 08:05 6321                       /lib/x86_64-linux-gnu/libwrap.so.0.7.6
7f4dbc03d000-7f4dbc03e000 rw-p 00000000 00:00 0 
7f4dbc03e000-7f4dbc0a4000 r-xp 00000000 08:05 8815                       /usr/lib/x86_64-linux-gnu/pulseaudio/libpulsecommon-4.0.so
7f4dbc0a4000-7f4dbc2a3000 ---p 00066000 08:05 8815                       /usr/lib/x86_64-linux-gnu/pulseaudio/libpulsecommon-4.0.so
7f4dbc2a3000-7f4dbc2a4000 r--p 00065000 08:05 8815                       /usr/lib/x86_64-linux-gnu/pulseaudio/libpulsecommon-4.0.so
7f4dbc2a4000-7f4dbc2a5000 rw-p 00066000 08:05 8815                       /usr/lib/x86_64-linux-gnu/pulseaudio/libpulsecommon-4.0.so
7f4dbc2a5000-7f4dbc2af000 r-xp 00000000 08:05 6203                       /lib/x86_64-linux-gnu/libjson-c.so.2.0.0
7f4dbc2af000-7f4dbc4ae000 ---p 0000a000 08:05 6203                       /lib/x86_64-linux-gnu/libjson-c.so.2.0.0
7f4dbc4ae000-7f4dbc4af000 r--p 00009000 08:05 6203                       /lib/x86_64-linux-gnu/libjson-c.so.2.0.0
7f4dbc4af000-7f4dbc4b0000 rw-p 0000a000 08:05 6203                       /lib/x86_64-linux-gnu/libjson-c.so.2.0.0
7f4dbc4b0000-7f4dbc4f7000 r-xp 00000000 08:05 142733                     /usr/lib/x86_64-linux-gnu/libpulse.so.0.16.2
7f4dbc4f7000-7f4dbc6f7000 ---p 00047000 08:05 142733                     /usr/lib/x86_64-linux-gnu/libpulse.so.0.16.2
7f4dbc6f7000-7f4dbc6f8000 r--p 00047000 08:05 142733                     /usr/lib/x86_64-linux-gnu/libpulse.so.0.16.2
7f4dbc6f8000-7f4dbc6f9000 rw-p 00048000 08:05 142733                     /usr/lib/x86_64-linux-gnu/libpulse.so.0.16.2
7f4dbc6f9000-7f4dbeaa4000 rw-p 00000000 00:00 0 
7f4dbeaa4000-7f4dbeadb000 r-xp 00000000 08:05 142878                     /usr/lib/x86_64-linux-gnu/libtxc_dxtn_s2tc.so.0.0.0
7f4dbeadb000-7f4dbecda000 ---p 00037000 08:05 142878                     /usr/lib/x86_64-linux-gnu/libtxc_dxtn_s2tc.so.0.0.0
7f4dbecda000-7f4dbecdb000 r--p 00036000 08:05 142878                     /usr/lib/x86_64-linux-gnu/libtxc_dxtn_s2tc.so.0.0.0
7f4dbecdb000-7f4dbecdc000 rw-p 00037000 08:05 142878                     /usr/lib/x86_64-linux-gnu/libtxc_dxtn_s2tc.so.0.0.0
7f4dbecdc000-7f4dbed4b000 rw-p 00000000 00:00 0 
7f4dbed4b000-7f4dbed53000 r-xp 00000000 08:05 142698                     /usr/lib/x86_64-linux-gnu/libpciaccess.so.0.11.1
7f4dbed53000-7f4dbef52000 ---p 00008000 08:05 142698                     /usr/lib/x86_64-linux-gnu/libpciaccess.so.0.11.1
7f4dbef52000-7f4dbef53000 r--p 00007000 08:05 142698                     /usr/lib/x86_64-linux-gnu/libpciaccess.so.0.11.1
7f4dbef53000-7f4dbef54000 rw-p 00008000 08:05 142698                     /usr/lib/x86_64-linux-gnu/libpciaccess.so.0.11.1
7f4dbef54000-7f4dbef7b000 r-xp 00000000 08:05 6185                       /lib/x86_64-linux-gnu/libexpat.so.1.6.0
7f4dbef7b000-7f4dbf17b000 ---p 00027000 08:05 6185                       /lib/x86_64-linux-gnu/libexpat.so.1.6.0
7f4dbf17b000-7f4dbf17d000 r--p 00027000 08:05 6185                       /lib/x86_64-linux-gnu/libexpat.so.1.6.0
7f4dbf17d000-7f4dbf17e000 rw-p 00029000 08:05 6185                       /lib/x86_64-linux-gnu/libexpat.so.1.6.0
7f4dbf17e000-7f4dbf18a000 r-xp 00000000 08:05 142245                     /usr/lib/x86_64-linux-gnu/libdrm_radeon.so.1.0.1
7f4dbf18a000-7f4dbf389000 ---p 0000c000 08:05 142245                     /usr/lib/x86_64-linux-gnu/libdrm_radeon.so.1.0.1
7f4dbf389000-7f4dbf38a000 r--p 0000b000 08:05 142245                     /usr/lib/x86_64-linux-gnu/libdrm_radeon.so.1.0.1
7f4dbf38a000-7f4dbf38b000 rw-p 0000c000 08:05 142245                     /usr/lib/x86_64-linux-gnu/libdrm_radeon.so.1.0.1
7f4dbf38b000-7f4dbf390000 r-xp 00000000 08:05 142243                     /usr/lib/x86_64-linux-gnu/libdrm_nouveau.so.2.0.0
7f4dbf390000-7f4dbf58f000 ---p 00005000 08:05 142243                     /usr/lib/x86_64-linux-gnu/libdrm_nouveau.so.2.0.0
7f4dbf58f000-7f4dbf590000 r--p 00004000 08:05 142243                     /usr/lib/x86_64-linux-gnu/libdrm_nouveau.so.2.0.0
7f4dbf590000-7f4dbf591000 rw-p 00005000 08:05 142243                     /usr/lib/x86_64-linux-gnu/libdrm_nouveau.so.2.0.0
7f4dbf591000-7f4dbf5b0000 r-xp 00000000 08:05 142241                     /usr/lib/x86_64-linux-gnu/libdrm_intel.so.1.0.0
7f4dbf5b0000-7f4dbf7af000 ---p 0001f000 08:05 142241                     /usr/lib/x86_64-linux-gnu/libdrm_intel.so.1.0.0
7f4dbf7af000-7f4dbf7b0000 r--p 0001e000 08:05 142241                     /usr/lib/x86_64-linux-gnu/libdrm_intel.so.1.0.0
7f4dbf7b0000-7f4dbf7b1000 rw-p 0001f000 08:05 142241                     /usr/lib/x86_64-linux-gnu/libdrm_intel.so.1.0.0
7f4dbf7b1000-7f4dbfca0000 r-xp 00000000 08:05 143151                     /usr/lib/x86_64-linux-gnu/dri/i965_dri.so
7f4dbfca0000-7f4dbfe9f000 ---p 004ef000 08:05 143151                     /usr/lib/x86_64-linux-gnu/dri/i965_dri.so
7f4dbfe9f000-7f4dbfeb6000 r--p 004ee000 08:05 143151                     /usr/lib/x86_64-linux-gnu/dri/i965_dri.so
7f4dbfeb6000-7f4dbfec2000 rw-p 00505000 08:05 143151                     /usr/lib/x86_64-linux-gnu/dri/i965_dri.so
7f4dbfec2000-7f4dbff0e000 rw-p 00000000 00:00 0 
7f4dbff0e000-7f4dbff52000 r-xp 00000000 08:05 516                        /lib/x86_64-linux-gnu/libdbus-1.so.3.7.6
7f4dbff52000-7f4dc0151000 ---p 00044000 08:05 516                        /lib/x86_64-linux-gnu/libdbus-1.so.3.7.6
7f4dc0151000-7f4dc0152000 r--p 00043000 08:05 516                        /lib/x86_64-linux-gnu/libdbus-1.so.3.7.6
7f4dc0152000-7f4dc0153000 rw-p 00044000 08:05 516                        /lib/x86_64-linux-gnu/libdbus-1.so.3.7.6
7f4dc0153000-7f4dc015b000 r-xp 00000000 08:05 6225                       /lib/x86_64-linux-gnu/libnih-dbus.so.1.0.0
7f4dc015b000-7f4dc035b000 ---p 00008000 08:05 6225                       /lib/x86_64-linux-gnu/libnih-dbus.so.1.0.0
7f4dc035b000-7f4dc035c000 r--p 00008000 08:05 6225                       /lib/x86_64-linux-gnu/libnih-dbus.so.1.0.0
7f4dc035c000-7f4dc035d000 rw-p 00009000 08:05 6225                       /lib/x86_64-linux-gnu/libnih-dbus.so.1.0.0
7f4dc035d000-7f4dc0374000 r-xp 00000000 08:05 6227                       /lib/x86_64-linux-gnu/libnih.so.1.0.0
7f4dc0374000-7f4dc0573000 ---p 00017000 08:05 6227                       /lib/x86_64-linux-gnu/libnih.so.1.0.0
7f4dc0573000-7f4dc0574000 r--p 00016000 08:05 6227                       /lib/x86_64-linux-gnu/libnih.so.1.0.0
7f4dc0574000-7f4dc0575000 rw-p 00017000 08:05 6227                       /lib/x86_64-linux-gnu/libnih.so.1.0.0
7f4dc0575000-7f4dc058e000 r-xp 00000000 08:05 6168                       /lib/x86_64-linux-gnu/libcgmanager.so.0.0.0
7f4dc058e000-7f4dc078d000 ---p 00019000 08:05 6168                       /lib/x86_64-linux-gnu/libcgmanager.so.0.0.0
7f4dc078d000-7f4dc078f000 r--p 00018000 08:05 6168                       /lib/x86_64-linux-gnu/libcgmanager.so.0.0.0
7f4dc078f000-7f4dc0790000 rw-p 0001a000 08:05 6168                       /lib/x86_64-linux-gnu/libcgmanager.so.0.0.0
7f4dc0790000-7f4dc07a0000 r-xp 00000000 08:05 6092                       /lib/x86_64-linux-gnu/libudev.so.1.3.5
7f4dc07a0000-7f4dc099f000 ---p 00010000 08:05 6092                       /lib/x86_64-linux-gnu/libudev.so.1.3.5
7f4dc099f000-7f4dc09a0000 r--p 0000f000 08:05 6092                       /lib/x86_64-linux-gnu/libudev.so.1.3.5
7f4dc09a0000-7f4dc09a1000 rw-p 00010000 08:05 6092                       /lib/x86_64-linux-gnu/libudev.so.1.3.5
7f4dc09a1000-7f4dc09c4000 r-xp 00000000 08:05 1936760                    /home/chris/.jsfml/linux_x64/libjsfml.so
7f4dc09c4000-7f4dc0bc4000 ---p 00023000 08:05 1936760                    /home/chris/.jsfml/linux_x64/libjsfml.so
7f4dc0bc4000-7f4dc0bc6000 rw-p 00023000 08:05 1936760                    /home/chris/.jsfml/linux_x64/libjsfml.so
7f4dc0bc6000-7f4dc0bcd000 r-xp 00000000 08:05 142664                     /usr/lib/x86_64-linux-gnu/libogg.so.0.8.1
7f4dc0bcd000-7f4dc0dcd000 ---p 00007000 08:05 142664                     /usr/lib/x86_64-linux-gnu/libogg.so.0.8.1
7f4dc0dcd000-7f4dc0dce000 r--p 00007000 08:05 142664                     /usr/lib/x86_64-linux-gnu/libogg.so.0.8.1
7f4dc0dce000-7f4dc0dcf000 rw-p 00008000 08:05 142664                     /usr/lib/x86_64-linux-gnu/libogg.so.0.8.1
7f4dc0dcf000-7f4dc0dfb000 r-xp 00000000 08:05 142911                     /usr/lib/x86_64-linux-gnu/libvorbis.so.0.4.5
7f4dc0dfb000-7f4dc0ffa000 ---p 0002c000 08:05 142911                     /usr/lib/x86_64-linux-gnu/libvorbis.so.0.4.5
7f4dc0ffa000-7f4dc0ffb000 r--p 0002b000 08:05 142911                     /usr/lib/x86_64-linux-gnu/libvorbis.so.0.4.5
7f4dc0ffb000-7f4dc0ffc000 rw-p 0002c000 08:05 142911                     /usr/lib/x86_64-linux-gnu/libvorbis.so.0.4.5
7f4dc0ffc000-7f4dc12af000 r-xp 00000000 08:05 142913                     /usr/lib/x86_64-linux-gnu/libvorbisenc.so.2.0.8
7f4dc12af000-7f4dc14ae000 ---p 002b3000 08:05 142913                     /usr/lib/x86_64-linux-gnu/libvorbisenc.so.2.0.8
7f4dc14ae000-7f4dc14ca000 r--p 002b2000 08:05 142913                     /usr/lib/x86_64-linux-gnu/libvorbisenc.so.2.0.8
7f4dc14ca000-7f4dc14cb000 rw-p 002ce000 08:05 142913                     /usr/lib/x86_64-linux-gnu/libvorbisenc.so.2.0.8
7f4dc14cb000-7f4dc14fa000 r-xp 00000000 08:05 141985                     /usr/lib/x86_64-linux-gnu/libFLAC.so.8.3.0
7f4dc14fa000-7f4dc16fa000 ---p 0002f000 08:05 141985                     /usr/lib/x86_64-linux-gnu/libFLAC.so.8.3.0
7f4dc16fa000-7f4dc16fb000 r--p 0002f000 08:05 141985                     /usr/lib/x86_64-linux-gnu/libFLAC.so.8.3.0
7f4dc16fb000-7f4dc16fc000 rw-p 00030000 08:05 141985                     /usr/lib/x86_64-linux-gnu/libFLAC.so.8.3.0
7f4dc16fc000-7f4dc175d000 r-xp 00000000 08:05 142807                     /usr/lib/x86_64-linux-gnu/libsndfile.so.1.0.25
7f4dc175d000-7f4dc195d000 ---p 00061000 08:05 142807                     /usr/lib/x86_64-linux-gnu/libsndfile.so.1.0.25
7f4dc195d000-7f4dc195f000 r--p 00061000 08:05 142807                     /usr/lib/x86_64-linux-gnu/libsndfile.so.1.0.25
7f4dc195f000-7f4dc1960000 rw-p 00063000 08:05 142807                     /usr/lib/x86_64-linux-gnu/libsndfile.so.1.0.25
7f4dc1960000-7f4dc1964000 rw-p 00000000 00:00 0 
7f4dc1964000-7f4dc19ba000 r-xp 00000000 08:05 166417                     /usr/lib/x86_64-linux-gnu/libopenal.so.1.14.0
7f4dc19ba000-7f4dc1bb9000 ---p 00056000 08:05 166417                     /usr/lib/x86_64-linux-gnu/libopenal.so.1.14.0
7f4dc1bb9000-7f4dc1bbb000 r--p 00055000 08:05 166417                     /usr/lib/x86_64-linux-gnu/libopenal.so.1.14.0
7f4dc1bbb000-7f4dc1bbc000 rw-p 00057000 08:05 166417                     /usr/lib/x86_64-linux-gnu/libopenal.so.1.14.0
7f4dc1bbc000-7f4dc1bbd000 rw-p 00000000 00:00 0 
7f4dc1bbd000-7f4dc1bcc000 r-xp 00000000 08:05 1936758                    /home/chris/.jsfml/linux_x64/libsfml-audio.so
7f4dc1bcc000-7f4dc1dcc000 ---p 0000f000 08:05 1936758                    /home/chris/.jsfml/linux_x64/libsfml-audio.so
7f4dc1dcc000-7f4dc1dcd000 rw-p 0000f000 08:05 1936758                    /home/chris/.jsfml/linux_x64/libsfml-audio.so
7f4dc1dcd000-7f4dc1dd1000 r-xp 00000000 08:05 6319                       /lib/x86_64-linux-gnu/libuuid.so.1.3.0
7f4dc1dd1000-7f4dc1fd0000 ---p 00004000 08:05 6319                       /lib/x86_64-linux-gnu/libuuid.so.1.3.0
7f4dc1fd0000-7f4dc1fd1000 r--p 00003000 08:05 6319                       /lib/x86_64-linux-gnu/libuuid.so.1.3.0
7f4dc1fd1000-7f4dc1fd2000 rw-p 00004000 08:05 6319                       /lib/x86_64-linux-gnu/libuuid.so.1.3.0
7f4dc1fd2000-7f4dc1ff7000 r-xp 00000000 08:05 6278                       /lib/x86_64-linux-gnu/libpng12.so.0.50.0
7f4dc1ff7000-7f4dc21f6000 ---p 00025000 08:05 6278                       /lib/x86_64-linux-gnu/libpng12.so.0.50.0
7f4dc21f6000-7f4dc21f7000 r--p 00024000 08:05 6278                       /lib/x86_64-linux-gnu/libpng12.so.0.50.0
7f4dc21f7000-7f4dc21f8000 rw-p 00025000 08:05 6278                       /lib/x86_64-linux-gnu/libpng12.so.0.50.0
7f4dc21f8000-7f4dc2210000 r-xp 00000000 08:05 6324                       /lib/x86_64-linux-gnu/libz.so.1.2.8
7f4dc2210000-7f4dc240f000 ---p 00018000 08:05 6324                       /lib/x86_64-linux-gnu/libz.so.1.2.8
7f4dc240f000-7f4dc2410000 r--p 00017000 08:05 6324                       /lib/x86_64-linux-gnu/libz.so.1.2.8
7f4dc2410000-7f4dc2411000 rw-p 00018000 08:05 6324                       /lib/x86_64-linux-gnu/libz.so.1.2.8
7f4dc2411000-7f4dc2428000 r-xp 00000000 08:05 141995                     /usr/lib/x86_64-linux-gnu/libICE.so.6.3.0
7f4dc2428000-7f4dc2627000 ---p 00017000 08:05 141995                     /usr/lib/x86_64-linux-gnu/libICE.so.6.3.0
7f4dc2627000-7f4dc2628000 r--p 00016000 08:05 141995                     /usr/lib/x86_64-linux-gnu/libICE.so.6.3.0
7f4dc2628000-7f4dc2629000 rw-p 00017000 08:05 141995                     /usr/lib/x86_64-linux-gnu/libICE.so.6.3.0
7f4dc2629000-7f4dc262d000 rw-p 00000000 00:00 0 
7f4dc262d000-7f4dc2634000 r-xp 00000000 08:05 142009                     /usr/lib/x86_64-linux-gnu/libSM.so.6.0.1
7f4dc2634000-7f4dc2833000 ---p 00007000 08:05 142009                     /usr/lib/x86_64-linux-gnu/libSM.so.6.0.1
7f4dc2833000-7f4dc2834000 r--p 00006000 08:05 142009                     /usr/lib/x86_64-linux-gnu/libSM.so.6.0.1
7f4dc2834000-7f4dc2835000 rw-p 00007000 08:05 142009                     /usr/lib/x86_64-linux-gnu/libSM.so.6.0.1
7f4dc2835000-7f4dc28d2000 r-xp 00000000 08:05 142293                     /usr/lib/x86_64-linux-gnu/libfreetype.so.6.11.1
7f4dc28d2000-7f4dc2ad1000 ---p 0009d000 08:05 142293                     /usr/lib/x86_64-linux-gnu/libfreetype.so.6.11.1
7f4dc2ad1000-7f4dc2ad7000 r--p 0009c000 08:05 142293                     /usr/lib/x86_64-linux-gnu/libfreetype.so.6.11.1
7f4dc2ad7000-7f4dc2ad8000 rw-p 000a2000 08:05 142293                     /usr/lib/x86_64-linux-gnu/libfreetype.so.6.11.1
7f4dc2ad8000-7f4dc2ba5000 r-xp 00000000 08:05 1936756                    /home/chris/.jsfml/linux_x64/libsfml-graphics.so
7f4dc2ba5000-7f4dc2da4000 ---p 000cd000 08:05 1936756                    /home/chris/.jsfml/linux_x64/libsfml-graphics.so
7f4dc2da4000-7f4dc2dac000 rw-p 000cc000 08:05 1936756                    /home/chris/.jsfml/linux_x64/libsfml-graphics.so
7f4dc2dac000-7f4dc2db0000 rw-p 00000000 00:00 0 
7f4dc2db0000-7f4dc2db5000 r-xp 00000000 08:05 142028                     /usr/lib/x86_64-linux-gnu/libXdmcp.so.6.0.0
7f4dc2db5000-7f4dc2fb4000 ---p 00005000 08:05 142028                     /usr/lib/x86_64-linux-gnu/libXdmcp.so.6.0.0
7f4dc2fb4000-7f4dc2fb5000 r--p 00004000 08:05 142028                     /usr/lib/x86_64-linux-gnu/libXdmcp.so.6.0.0
7f4dc2fb5000-7f4dc2fb6000 rw-p 00005000 08:05 142028                     /usr/lib/x86_64-linux-gnu/libXdmcp.so.6.0.0
7f4dc2fb6000-7f4dc2fb8000 r-xp 00000000 08:05 142017                     /usr/lib/x86_64-linux-gnu/libXau.so.6.0.0
7f4dc2fb8000-7f4dc31b8000 ---p 00002000 08:05 142017                     /usr/lib/x86_64-linux-gnu/libXau.so.6.0.0
7f4dc31b8000-7f4dc31b9000 r--p 00002000 08:05 142017                     /usr/lib/x86_64-linux-gnu/libXau.so.6.0.0
7f4dc31b9000-7f4dc31ba000 rw-p 00003000 08:05 142017                     /usr/lib/x86_64-linux-gnu/libXau.so.6.0.0
7f4dc31ba000-7f4dc31c3000 r-xp 00000000 08:05 142052                     /usr/lib/x86_64-linux-gnu/libXrender.so.1.3.0
7f4dc31c3000-7f4dc33c2000 ---p 00009000 08:05 142052                     /usr/lib/x86_64-linux-gnu/libXrender.so.1.3.0
7f4dc33c2000-7f4dc33c3000 r--p 00008000 08:05 142052                     /usr/lib/x86_64-linux-gnu/libXrender.so.1.3.0
7f4dc33c3000-7f4dc33c4000 rw-p 00009000 08:05 142052                     /usr/lib/x86_64-linux-gnu/libXrender.so.1.3.0
7f4dc33c4000-7f4dc33cf000 r-xp 00000000 08:05 142239                     /usr/lib/x86_64-linux-gnu/libdrm.so.2.4.0
7f4dc33cf000-7f4dc35ce000 ---p 0000b000 08:05 142239                     /usr/lib/x86_64-linux-gnu/libdrm.so.2.4.0
7f4dc35ce000-7f4dc35cf000 r--p 0000a000 08:05 142239                     /usr/lib/x86_64-linux-gnu/libdrm.so.2.4.0
7f4dc35cf000-7f4dc35d0000 rw-p 0000b000 08:05 142239                     /usr/lib/x86_64-linux-gnu/libdrm.so.2.4.0
7f4dc35d0000-7f4dc35d4000 r-xp 00000000 08:05 142068                     /usr/lib/x86_64-linux-gnu/libXxf86vm.so.1.0.0
7f4dc35d4000-7f4dc37d4000 ---p 00004000 08:05 142068                     /usr/lib/x86_64-linux-gnu/libXxf86vm.so.1.0.0
7f4dc37d4000-7f4dc37d5000 r--p 00004000 08:05 142068                     /usr/lib/x86_64-linux-gnu/libXxf86vm.so.1.0.0
7f4dc37d5000-7f4dc37d6000 rw-p 00005000 08:05 142068                     /usr/lib/x86_64-linux-gnu/libXxf86vm.so.1.0.0
7f4dc37d6000-7f4dc37d7000 r-xp 00000000 08:05 143005                     /usr/lib/x86_64-linux-gnu/libxshmfence.so.1.0.0
7f4dc37d7000-7f4dc39d6000 ---p 00001000 08:05 143005                     /usr/lib/x86_64-linux-gnu/libxshmfence.so.1.0.0
7f4dc39d6000-7f4dc39d7000 r--p 00000000 08:05 143005                     /usr/lib/x86_64-linux-gnu/libxshmfence.so.1.0.0
7f4dc39d7000-7f4dc39d8000 rw-p 00001000 08:05 143005                     /usr/lib/x86_64-linux-gnu/libxshmfence.so.1.0.0
7f4dc39d8000-7f4dc39f5000 r-xp 00000000 08:05 142975                     /usr/lib/x86_64-linux-gnu/libxcb.so.1.1.0
7f4dc39f5000-7f4dc3bf5000 ---p 0001d000 08:05 142975                     /usr/lib/x86_64-linux-gnu/libxcb.so.1.1.0
7f4dc3bf5000-7f4dc3bf6000 r--p 0001d000 08:05 142975                     /usr/lib/x86_64-linux-gnu/libxcb.so.1.1.0
7f4dc3bf6000-7f4dc3bf7000 rw-p 0001e000 08:05 142975                     /usr/lib/x86_64-linux-gnu/libxcb.so.1.1.0
7f4dc3bf7000-7f4dc3bfc000 r-xp 00000000 08:05 142969                     /usr/lib/x86_64-linux-gnu/libxcb-sync.so.1.0.0
7f4dc3bfc000-7f4dc3dfb000 ---p 00005000 08:05 142969                     /usr/lib/x86_64-linux-gnu/libxcb-sync.so.1.0.0
7f4dc3dfb000-7f4dc3dfc000 r--p 00004000 08:05 142969                     /usr/lib/x86_64-linux-gnu/libxcb-sync.so.1.0.0
7f4dc3dfc000-7f4dc3dfd000 rw-p 00005000 08:05 142969                     /usr/lib/x86_64-linux-gnu/libxcb-sync.so.1.0.0
7f4dc3dfd000-7f4dc3dff000 r-xp 00000000 08:05 142961                     /usr/lib/x86_64-linux-gnu/libxcb-present.so.0.0.0
7f4dc3dff000-7f4dc3ffe000 ---p 00002000 08:05 142961                     /usr/lib/x86_64-linux-gnu/libxcb-present.so.0.0.0
7f4dc3ffe000-7f4dc3fff000 r--p 00001000 08:05 142961                     /usr/lib/x86_64-linux-gnu/libxcb-present.so.0.0.0
7f4dc3fff000-7f4dc4000000 rw-p 00002000 08:05 142961                     /usr/lib/x86_64-linux-gnu/libxcb-present.so.0.0.0
7f4dc4000000-7f4dc4021000 rw-p 00000000 00:00 0 
7f4dc4021000-7f4dc8000000 ---p 00000000 00:00 0 
7f4dc8000000-7f4dc8021000 rw-p 00000000 00:00 0 
7f4dc8021000-7f4dcc000000 ---p 00000000 00:00 0 
7f4dcc000000-7f4dcc0f5000 rw-p 00000000 00:00 0 
7f4dcc0f5000-7f4dd0000000 ---p 00000000 00:00 0 
7f4dd0000000-7f4dd01a7000 rw-p 00000000 00:00 0 
7f4dd01a7000-7f4dd4000000 ---p 00000000 00:00 0 
7f4dd4000000-7f4dd45c0000 rw-p 00000000 00:00 0 
7f4dd45c0000-7f4dd8000000 ---p 00000000 00:00 0 
7f4dd8000000-7f4dd8021000 rw-p 00000000 00:00 0 
7f4dd8021000-7f4ddc000000 ---p 00000000 00:00 0 
7f4ddc000000-7f4ddc021000 rw-p 00000000 00:00 0 
7f4ddc021000-7f4de0000000 ---p 00000000 00:00 0 
7f4de0000000-7f4de0021000 rw-p 00000000 00:00 0 
7f4de0021000-7f4de4000000 ---p 00000000 00:00 0 
7f4de4000000-7f4de4021000 rw-p 00000000 00:00 0 
7f4de4021000-7f4de8000000 ---p 00000000 00:00 0 
7f4de8000000-7f4de8021000 rw-p 00000000 00:00 0 
7f4de8021000-7f4dec000000 ---p 00000000 00:00 0 
7f4dec000000-7f4dec021000 rw-p 00000000 00:00 0 
7f4dec021000-7f4df0000000 ---p 00000000 00:00 0 
7f4df0003000-7f4df0005000 r-xp 00000000 08:05 142957                     /usr/lib/x86_64-linux-gnu/libxcb-dri3.so.0.0.0
7f4df0005000-7f4df0204000 ---p 00002000 08:05 142957                     /usr/lib/x86_64-linux-gnu/libxcb-dri3.so.0.0.0
7f4df0204000-7f4df0205000 r--p 00001000 08:05 142957                     /usr/lib/x86_64-linux-gnu/libxcb-dri3.so.0.0.0
7f4df0205000-7f4df0206000 rw-p 00002000 08:05 142957                     /usr/lib/x86_64-linux-gnu/libxcb-dri3.so.0.0.0
7f4df0206000-7f4df0209000 r-xp 00000000 08:05 142955                     /usr/lib/x86_64-linux-gnu/libxcb-dri2.so.0.0.0
7f4df0209000-7f4df0409000 ---p 00003000 08:05 142955                     /usr/lib/x86_64-linux-gnu/libxcb-dri2.so.0.0.0
7f4df0409000-7f4df040a000 r--p 00003000 08:05 142955                     /usr/lib/x86_64-linux-gnu/libxcb-dri2.so.0.0.0
7f4df040a000-7f4df040b000 rw-p 00004000 08:05 142955                     /usr/lib/x86_64-linux-gnu/libxcb-dri2.so.0.0.0
7f4df040b000-7f4df0420000 r-xp 00000000 08:05 142959                     /usr/lib/x86_64-linux-gnu/libxcb-glx.so.0.0.0
7f4df0420000-7f4df061f000 ---p 00015000 08:05 142959                     /usr/lib/x86_64-linux-gnu/libxcb-glx.so.0.0.0
7f4df061f000-7f4df0621000 r--p 00014000 08:05 142959                     /usr/lib/x86_64-linux-gnu/libxcb-glx.so.0.0.0
7f4df0621000-7f4df0622000 rw-p 00016000 08:05 142959                     /usr/lib/x86_64-linux-gnu/libxcb-glx.so.0.0.0
7f4df0622000-7f4df0623000 r-xp 00000000 08:05 142011                     /usr/lib/x86_64-linux-gnu/libX11-xcb.so.1.0.0
7f4df0623000-7f4df0822000 ---p 00001000 08:05 142011                     /usr/lib/x86_64-linux-gnu/libX11-xcb.so.1.0.0
7f4df0822000-7f4df0823000 r--p 00000000 08:05 142011                     /usr/lib/x86_64-linux-gnu/libX11-xcb.so.1.0.0
7f4df0823000-7f4df0824000 rw-p 00001000 08:05 142011                     /usr/lib/x86_64-linux-gnu/libX11-xcb.so.1.0.0
7f4df0824000-7f4df0829000 r-xp 00000000 08:05 142032                     /usr/lib/x86_64-linux-gnu/libXfixes.so.3.1.0
7f4df0829000-7f4df0a28000 ---p 00005000 08:05 142032                     /usr/lib/x86_64-linux-gnu/libXfixes.so.3.1.0
7f4df0a28000-7f4df0a29000 r--p 00004000 08:05 142032                     /usr/lib/x86_64-linux-gnu/libXfixes.so.3.1.0
7f4df0a29000-7f4df0a2a000 rw-p 00005000 08:05 142032                     /usr/lib/x86_64-linux-gnu/libXfixes.so.3.1.0
7f4df0a2a000-7f4df0a2c000 r-xp 00000000 08:05 142026                     /usr/lib/x86_64-linux-gnu/libXdamage.so.1.1.0
7f4df0a2c000-7f4df0c2b000 ---p 00002000 08:05 142026                     /usr/lib/x86_64-linux-gnu/libXdamage.so.1.1.0
7f4df0c2b000-7f4df0c2c000 r--p 00001000 08:05 142026                     /usr/lib/x86_64-linux-gnu/libXdamage.so.1.1.0
7f4df0c2c000-7f4df0c2d000 rw-p 00002000 08:05 142026                     /usr/lib/x86_64-linux-gnu/libXdamage.so.1.1.0
7f4df0c2d000-7f4df0c3e000 r-xp 00000000 08:05 142030                     /usr/lib/x86_64-linux-gnu/libXext.so.6.4.0
7f4df0c3e000-7f4df0e3d000 ---p 00011000 08:05 142030                     /usr/lib/x86_64-linux-gnu/libXext.so.6.4.0
7f4df0e3d000-7f4df0e3e000 r--p 00010000 08:05 142030                     /usr/lib/x86_64-linux-gnu/libXext.so.6.4.0
7f4df0e3e000-7f4df0e3f000 rw-p 00011000 08:05 142030                     /usr/lib/x86_64-linux-gnu/libXext.so.6.4.0
7f4df0e3f000-7f4df0e61000 r-xp 00000000 08:05 142354                     /usr/lib/x86_64-linux-gnu/libglapi.so.0.0.0
7f4df0e61000-7f4df1061000 ---p 00022000 08:05 142354                     /usr/lib/x86_64-linux-gnu/libglapi.so.0.0.0
7f4df1061000-7f4df1064000 r--p 00022000 08:05 142354                     /usr/lib/x86_64-linux-gnu/libglapi.so.0.0.0
7f4df1064000-7f4df1065000 rw-p 00025000 08:05 142354                     /usr/lib/x86_64-linux-gnu/libglapi.so.0.0.0
7f4df1065000-7f4df1066000 rw-p 00000000 00:00 0 
7f4df1066000-7f4df106f000 r-xp 00000000 08:05 142050                     /usr/lib/x86_64-linux-gnu/libXrandr.so.2.2.0
7f4df106f000-7f4df126e000 ---p 00009000 08:05 142050                     /usr/lib/x86_64-linux-gnu/libXrandr.so.2.2.0
7f4df126e000-7f4df126f000 r--p 00008000 08:05 142050                     /usr/lib/x86_64-linux-gnu/libXrandr.so.2.2.0
7f4df126f000-7f4df1270000 rw-p 00009000 08:05 142050                     /usr/lib/x86_64-linux-gnu/libXrandr.so.2.2.0
7f4df1270000-7f4df13a0000 r-xp 00000000 08:05 142013                     /usr/lib/x86_64-linux-gnu/libX11.so.6.3.0
7f4df13a0000-7f4df15a0000 ---p 00130000 08:05 142013                     /usr/lib/x86_64-linux-gnu/libX11.so.6.3.0
7f4df15a0000-7f4df15a1000 r--p 00130000 08:05 142013                     /usr/lib/x86_64-linux-gnu/libX11.so.6.3.0
7f4df15a1000-7f4df15a5000 rw-p 00131000 08:05 142013                     /usr/lib/x86_64-linux-gnu/libX11.so.6.3.0
7f4df15a5000-7f4df1607000 r-xp 00000000 08:05 8778                       /usr/lib/x86_64-linux-gnu/mesa/libGL.so.1.2.0
7f4df1607000-7f4df1806000 ---p 00062000 08:05 8778                       /usr/lib/x86_64-linux-gnu/mesa/libGL.so.1.2.0
7f4df1806000-7f4df1809000 r--p 00061000 08:05 8778                       /usr/lib/x86_64-linux-gnu/mesa/libGL.so.1.2.0
7f4df1809000-7f4df180a000 rw-p 00064000 08:05 8778                       /usr/lib/x86_64-linux-gnu/mesa/libGL.so.1.2.0
7f4df180a000-7f4df180b000 rw-p 00000000 00:00 0 
7f4df180b000-7f4df181f000 r-xp 00000000 08:05 1936754                    /home/chris/.jsfml/linux_x64/libsfml-window.so
7f4df181f000-7f4df1a1f000 ---p 00014000 08:05 1936754                    /home/chris/.jsfml/linux_x64/libsfml-window.so
7f4df1a1f000-7f4df1a20000 rw-p 00014000 08:05 1936754                    /home/chris/.jsfml/linux_x64/libsfml-window.so
7f4df1a20000-7f4df1a21000 rw-p 00000000 00:00 0 
7f4df1a21000-7f4df1a37000 r-xp 00000000 08:05 26                         /lib/x86_64-linux-gnu/libgcc_s.so.1
7f4df1a37000-7f4df1c36000 ---p 00016000 08:05 26                         /lib/x86_64-linux-gnu/libgcc_s.so.1
7f4df1c36000-7f4df1c37000 rw-p 00015000 08:05 26                         /lib/x86_64-linux-gnu/libgcc_s.so.1
7f4df1c37000-7f4df1d1d000 r-xp 00000000 08:05 142833                     /usr/lib/x86_64-linux-gnu/libstdc++.so.6.0.19
7f4df1d1d000-7f4df1f1c000 ---p 000e6000 08:05 142833                     /usr/lib/x86_64-linux-gnu/libstdc++.so.6.0.19
7f4df1f1c000-7f4df1f24000 r--p 000e5000 08:05 142833                     /usr/lib/x86_64-linux-gnu/libstdc++.so.6.0.19
7f4df1f24000-7f4df1f26000 rw-p 000ed000 08:05 142833                     /usr/lib/x86_64-linux-gnu/libstdc++.so.6.0.19
7f4df1f26000-7f4df1f3b000 rw-p 00000000 00:00 0 
7f4df1f3b000-7f4df1f44000 r-xp 00000000 08:05 1936752                    /home/chris/.jsfml/linux_x64/libsfml-system.so
7f4df1f44000-7f4df2144000 ---p 00009000 08:05 1936752                    /home/chris/.jsfml/linux_x64/libsfml-system.so
7f4df2144000-7f4df2145000 rw-p 00009000 08:05 1936752                    /home/chris/.jsfml/linux_x64/libsfml-system.so
7f4df2145000-7f4df215b000 r-xp 00000000 08:05 521051                     /usr/lib/jvm/java-7-oracle/jre/lib/amd64/libnet.so
7f4df215b000-7f4df235b000 ---p 00016000 08:05 521051                     /usr/lib/jvm/java-7-oracle/jre/lib/amd64/libnet.so
7f4df235b000-7f4df235c000 rw-p 00016000 08:05 521051                     /usr/lib/jvm/java-7-oracle/jre/lib/amd64/libnet.so
7f4df235c000-7f4df236c000 r-xp 00000000 08:05 521030                     /usr/lib/jvm/java-7-oracle/jre/lib/amd64/libnio.so
7f4df236c000-7f4df256c000 ---p 00010000 08:05 521030                     /usr/lib/jvm/java-7-oracle/jre/lib/amd64/libnio.so
7f4df256c000-7f4df256d000 rw-p 00010000 08:05 521030                     /usr/lib/jvm/java-7-oracle/jre/lib/amd64/libnio.so
7f4df256d000-7f4df256e000 ---p 00000000 00:00 0 
7f4df256e000-7f4df266e000 rw-p 00000000 00:00 0                          [stack:32293]
7f4df266e000-7f4df2671000 ---p 00000000 00:00 0 
7f4df2671000-7f4df276f000 rw-p 00000000 00:00 0                          [stack:32292]
7f4df276f000-7f4df2772000 ---p 00000000 00:00 0 
7f4df2772000-7f4df4000000 rw-p 00000000 00:00 0                          [stack:32291]
7f4df4000000-7f4df4021000 rw-p 00000000 00:00 0 
7f4df4021000-7f4df8000000 ---p 00000000 00:00 0 
7f4df8004000-7f4df802c000 rw-s 1082e5000 00:05 563                       /dev/dri/card0
7f4df802c000-7f4df802f000 ---p 00000000 00:00 0 
7f4df802f000-7f4df812d000 rw-p 00000000 00:00 0                          [stack:32290]
7f4df812d000-7f4df8130000 ---p 00000000 00:00 0 
7f4df8130000-7f4df822e000 rw-p 00000000 00:00 0                          [stack:32289]
7f4df822e000-7f4df8bfc000 r--p 00000000 08:05 137099                     /usr/lib/locale/locale-archive
7f4df8bfc000-7f4df8bff000 ---p 00000000 00:00 0 
7f4df8bff000-7f4df8cfd000 rw-p 00000000 00:00 0                          [stack:32288]
7f4df8cfd000-7f4df8d00000 ---p 00000000 00:00 0 
7f4df8d00000-7f4df8dfe000 rw-p 00000000 00:00 0                          [stack:32287]
7f4df8dfe000-7f4df8dff000 ---p 00000000 00:00 0 
7f4df8dff000-7f4df9000000 rw-p 00000000 00:00 0                          [stack:32286]
7f4df9000000-7f4df9270000 rwxp 00000000 00:00 0 
7f4df9270000-7f4dfd0a2000 rw-p 00000000 00:00 0 
7f4dfd0a2000-7f4e00000000 ---p 00000000 00:00 0 
7f4e00013000-7f4e00f6f000 rw-p 00000000 00:00 0 
7f4e00f6f000-7f4e0112e000 r--s 039e5000 08:05 520944                     /usr/lib/jvm/java-7-oracle/jre/lib/rt.jar
7f4e0112e000-7f4e013a0000 rw-p 00000000 00:00 0 
7f4e013a0000-7f4e013a1000 ---p 00000000 00:00 0 
7f4e013a1000-7f4e014a1000 rw-p 00000000 00:00 0                          [stack:32282]
7f4e014a1000-7f4e014a2000 ---p 00000000 00:00 0 
7f4e014a2000-7f4e015a2000 rw-p 00000000 00:00 0                          [stack:32281]
7f4e015a2000-7f4e015a3000 ---p 00000000 00:00 0 
7f4e015a3000-7f4e016a3000 rw-p 00000000 00:00 0                          [stack:32280]
7f4e016a3000-7f4e016a4000 ---p 00000000 00:00 0 
7f4e016a4000-7f4e017af000 rw-p 00000000 00:00 0                          [stack:32279]
7f4e017af000-7f4e017cd000 rw-p 00000000 00:00 0 
7f4e017cd000-7f4e017db000 rw-p 00000000 00:00 0 
7f4e017db000-7f4e018ad000 rw-p 00000000 00:00 0 
7f4e018ad000-7f4e018b8000 rw-p 00000000 00:00 0 
7f4e018b8000-7f4e018d6000 rw-p 00000000 00:00 0 
7f4e018d6000-7f4e018e4000 rw-p 00000000 00:00 0 
7f4e018e4000-7f4e019b6000 rw-p 00000000 00:00 0 
7f4e019b6000-7f4e019bd000 rw-p 00000000 00:00 0 
7f4e019bd000-7f4e01a26000 rw-p 00000000 00:00 0 
7f4e01a26000-7f4e01a27000 rw-p 00000000 00:00 0 
7f4e01a27000-7f4e01a41000 r-xp 00000000 08:05 521035                     /usr/lib/jvm/java-7-oracle/jre/lib/amd64/libzip.so
7f4e01a41000-7f4e01c41000 ---p 0001a000 08:05 521035                     /usr/lib/jvm/java-7-oracle/jre/lib/amd64/libzip.so
7f4e01c41000-7f4e01c42000 rw-p 0001a000 08:05 521035                     /usr/lib/jvm/java-7-oracle/jre/lib/amd64/libzip.so
7f4e01c42000-7f4e01c4d000 r-xp 00000000 08:05 40395                      /lib/x86_64-linux-gnu/libnss_files-2.19.so
7f4e01c4d000-7f4e01e4c000 ---p 0000b000 08:05 40395                      /lib/x86_64-linux-gnu/libnss_files-2.19.so
7f4e01e4c000-7f4e01e4d000 r--p 0000a000 08:05 40395                      /lib/x86_64-linux-gnu/libnss_files-2.19.so
7f4e01e4d000-7f4e01e4e000 rw-p 0000b000 08:05 40395                      /lib/x86_64-linux-gnu/libnss_files-2.19.so
7f4e01e4e000-7f4e01e59000 r-xp 00000000 08:05 40396                      /lib/x86_64-linux-gnu/libnss_nis-2.19.so
7f4e01e59000-7f4e02058000 ---p 0000b000 08:05 40396                      /lib/x86_64-linux-gnu/libnss_nis-2.19.so
7f4e02058000-7f4e02059000 r--p 0000a000 08:05 40396                      /lib/x86_64-linux-gnu/libnss_nis-2.19.so
7f4e02059000-7f4e0205a000 rw-p 0000b000 08:05 40396                      /lib/x86_64-linux-gnu/libnss_nis-2.19.so
7f4e0205a000-7f4e02071000 r-xp 00000000 08:05 18339                      /lib/x86_64-linux-gnu/libnsl-2.19.so
7f4e02071000-7f4e02270000 ---p 00017000 08:05 18339                      /lib/x86_64-linux-gnu/libnsl-2.19.so
7f4e02270000-7f4e02271000 r--p 00016000 08:05 18339                      /lib/x86_64-linux-gnu/libnsl-2.19.so
7f4e02271000-7f4e02272000 rw-p 00017000 08:05 18339                      /lib/x86_64-linux-gnu/libnsl-2.19.so
7f4e02272000-7f4e02274000 rw-p 00000000 00:00 0 
7f4e02274000-7f4e0227d000 r-xp 00000000 08:05 6532                       /lib/x86_64-linux-gnu/libnss_compat-2.19.so
7f4e0227d000-7f4e0247c000 ---p 00009000 08:05 6532                       /lib/x86_64-linux-gnu/libnss_compat-2.19.so
7f4e0247c000-7f4e0247d000 r--p 00008000 08:05 6532                       /lib/x86_64-linux-gnu/libnss_compat-2.19.so
7f4e0247d000-7f4e0247e000 rw-p 00009000 08:05 6532                       /lib/x86_64-linux-gnu/libnss_compat-2.19.so
7f4e0247e000-7f4e024a7000 r-xp 00000000 08:05 520995                     /usr/lib/jvm/java-7-oracle/jre/lib/amd64/libjava.so
7f4e024a7000-7f4e026a7000 ---p 00029000 08:05 520995                     /usr/lib/jvm/java-7-oracle/jre/lib/amd64/libjava.so
7f4e026a7000-7f4e026a9000 rw-p 00029000 08:05 520995                     /usr/lib/jvm/java-7-oracle/jre/lib/amd64/libjava.so
7f4e026a9000-7f4e026b6000 r-xp 00000000 08:05 521053                     /usr/lib/jvm/java-7-oracle/jre/lib/amd64/libverify.so
7f4e026b6000-7f4e028b5000 ---p 0000d000 08:05 521053                     /usr/lib/jvm/java-7-oracle/jre/lib/amd64/libverify.so
7f4e028b5000-7f4e028b7000 rw-p 0000c000 08:05 521053                     /usr/lib/jvm/java-7-oracle/jre/lib/amd64/libverify.so
7f4e028b7000-7f4e028be000 r-xp 00000000 08:05 40384                      /lib/x86_64-linux-gnu/librt-2.19.so
7f4e028be000-7f4e02abd000 ---p 00007000 08:05 40384                      /lib/x86_64-linux-gnu/librt-2.19.so
7f4e02abd000-7f4e02abe000 r--p 00006000 08:05 40384                      /lib/x86_64-linux-gnu/librt-2.19.so
7f4e02abe000-7f4e02abf000 rw-p 00007000 08:05 40384                      /lib/x86_64-linux-gnu/librt-2.19.so
7f4e02abf000-7f4e02bc4000 r-xp 00000000 08:05 40391                      /lib/x86_64-linux-gnu/libm-2.19.so
7f4e02bc4000-7f4e02dc3000 ---p 00105000 08:05 40391                      /lib/x86_64-linux-gnu/libm-2.19.so
7f4e02dc3000-7f4e02dc4000 r--p 00104000 08:05 40391                      /lib/x86_64-linux-gnu/libm-2.19.so
7f4e02dc4000-7f4e02dc5000 rw-p 00105000 08:05 40391                      /lib/x86_64-linux-gnu/libm-2.19.so
7f4e02dc5000-7f4e03935000 r-xp 00000000 08:05 521002                     /usr/lib/jvm/java-7-oracle/jre/lib/amd64/server/libjvm.so
7f4e03935000-7f4e03b34000 ---p 00b70000 08:05 521002                     /usr/lib/jvm/java-7-oracle/jre/lib/amd64/server/libjvm.so
7f4e03b34000-7f4e03bf9000 rw-p 00b6f000 08:05 521002                     /usr/lib/jvm/java-7-oracle/jre/lib/amd64/server/libjvm.so
7f4e03bf9000-7f4e03c39000 rw-p 00000000 00:00 0 
7f4e03c39000-7f4e03df4000 r-xp 00000000 08:05 40388                      /lib/x86_64-linux-gnu/libc-2.19.so
7f4e03df4000-7f4e03ff4000 ---p 001bb000 08:05 40388                      /lib/x86_64-linux-gnu/libc-2.19.so
7f4e03ff4000-7f4e03ff8000 r--p 001bb000 08:05 40388                      /lib/x86_64-linux-gnu/libc-2.19.so
7f4e03ff8000-7f4e03ffa000 rw-p 001bf000 08:05 40388                      /lib/x86_64-linux-gnu/libc-2.19.so
7f4e03ffa000-7f4e03fff000 rw-p 00000000 00:00 0 
7f4e03fff000-7f4e04002000 r-xp 00000000 08:05 40400                      /lib/x86_64-linux-gnu/libdl-2.19.so
7f4e04002000-7f4e04201000 ---p 00003000 08:05 40400                      /lib/x86_64-linux-gnu/libdl-2.19.so
7f4e04201000-7f4e04202000 r--p 00002000 08:05 40400                      /lib/x86_64-linux-gnu/libdl-2.19.so
7f4e04202000-7f4e04203000 rw-p 00003000 08:05 40400                      /lib/x86_64-linux-gnu/libdl-2.19.so
7f4e04203000-7f4e04219000 r-xp 00000000 08:05 522109                     /usr/lib/jvm/java-7-oracle/lib/amd64/jli/libjli.so
7f4e04219000-7f4e04419000 ---p 00016000 08:05 522109                     /usr/lib/jvm/java-7-oracle/lib/amd64/jli/libjli.so
7f4e04419000-7f4e0441a000 rw-p 00016000 08:05 522109                     /usr/lib/jvm/java-7-oracle/lib/amd64/jli/libjli.so
7f4e0441a000-7f4e04433000 r-xp 00000000 08:05 40401                      /lib/x86_64-linux-gnu/libpthread-2.19.so
7f4e04433000-7f4e04632000 ---p 00019000 08:05 40401                      /lib/x86_64-linux-gnu/libpthread-2.19.so
7f4e04632000-7f4e04633000 r--p 00018000 08:05 40401                      /lib/x86_64-linux-gnu/libpthread-2.19.so
7f4e04633000-7f4e04634000 rw-p 00019000 08:05 40401                      /lib/x86_64-linux-gnu/libpthread-2.19.so
7f4e04634000-7f4e04638000 rw-p 00000000 00:00 0 
7f4e04638000-7f4e0465b000 r-xp 00000000 08:05 40389                      /lib/x86_64-linux-gnu/ld-2.19.so
7f4e04661000-7f4e04662000 rw-s 108fc9000 00:05 563                       /dev/dri/card0
7f4e04666000-7f4e04667000 rw-s 108efa000 00:05 563                       /dev/dri/card0
7f4e04667000-7f4e04668000 rw-p 00000000 00:00 0 
7f4e04668000-7f4e04669000 rw-s 1091a5000 00:05 563                       /dev/dri/card0
7f4e04669000-7f4e0466a000 rw-s 10902a000 00:05 563                       /dev/dri/card0
7f4e0466a000-7f4e0466b000 rw-s 00000000 00:04 1342687                    /drm mm object (deleted)
7f4e0466b000-7f4e0466c000 rw-s 108eb1000 00:05 563                       /dev/dri/card0
7f4e0466c000-7f4e0466d000 rw-s 00000000 00:04 1341860                    /drm mm object (deleted)
7f4e0466d000-7f4e0466e000 rw-s 00000000 00:04 1341859                    /drm mm object (deleted)
7f4e0466e000-7f4e04675000 r--s 00000000 08:05 61563                      /usr/lib/x86_64-linux-gnu/gconv/gconv-modules.cache
7f4e04675000-7f4e04679000 r--s 00372000 08:05 1936674                    /home/chris/git/flaming-octo-sansa/lib/jsfml.jar
7f4e04679000-7f4e04683000 rw-p 00000000 00:00 0 
7f4e04683000-7f4e04739000 rw-p 00000000 00:00 0 
7f4e04739000-7f4e0473c000 ---p 00000000 00:00 0 
7f4e0473c000-7f4e0483e000 rw-p 00000000 00:00 0                          [stack:32276]
7f4e0483e000-7f4e0483f000 rw-s 00000000 00:04 1341219                    /drm mm object (deleted)
7f4e0483f000-7f4e0484e000 rw-p 00000000 00:00 0 
7f4e0484e000-7f4e04856000 rw-s 00000000 08:05 652094                     /tmp/hsperfdata_chris/32275
7f4e04856000-7f4e04857000 rw-p 00000000 00:00 0 
7f4e04857000-7f4e04858000 r--p 00000000 00:00 0 
7f4e04858000-7f4e0485a000 rw-p 00000000 00:00 0 
7f4e0485a000-7f4e0485b000 r--p 00022000 08:05 40389                      /lib/x86_64-linux-gnu/ld-2.19.so
7f4e0485b000-7f4e0485c000 rw-p 00023000 08:05 40389                      /lib/x86_64-linux-gnu/ld-2.19.so
7f4e0485c000-7f4e0485d000 rw-p 00000000 00:00 0 
7fff3680e000-7fff3682f000 rw-p 00000000 00:00 0                          [stack]
7fff369fe000-7fff36a00000 r-xp 00000000 00:00 0                          [vdso]
ffffffffff600000-ffffffffff601000 r-xp 00000000 00:00 0                  [vsyscall]

VM Arguments:
jvm_args: -Dfile.encoding=UTF-8 
java_command: io.github.twhscs.game.Game
Launcher Type: SUN_STANDARD

Environment Variables:
PATH=/home/chris/bin:/usr/local/sbin:/usr/local/bin:/usr/sbin:/usr/bin:/sbin:/bin:/usr/games:/usr/local/games
SHELL=/bin/bash
DISPLAY=:0.0

Signal Handlers:
SIGSEGV: [libjvm.so+0x99f4a0], sa_mask[0]=0x7ffbfeff, sa_flags=0x10000004
SIGBUS: [libjvm.so+0x99f4a0], sa_mask[0]=0x7ffbfeff, sa_flags=0x10000004
SIGFPE: [libjvm.so+0x81a860], sa_mask[0]=0x7ffbfeff, sa_flags=0x10000004
SIGPIPE: [libjvm.so+0x81a860], sa_mask[0]=0x7ffbfeff, sa_flags=0x10000004
SIGXFSZ: [libjvm.so+0x81a860], sa_mask[0]=0x7ffbfeff, sa_flags=0x10000004
SIGILL: [libjvm.so+0x81a860], sa_mask[0]=0x7ffbfeff, sa_flags=0x10000004
SIGUSR1: SIG_DFL, sa_mask[0]=0x00000000, sa_flags=0x00000000
SIGUSR2: [libjvm.so+0x81c060], sa_mask[0]=0x00000004, sa_flags=0x10000004
SIGHUP: [libjvm.so+0x81d160], sa_mask[0]=0x7ffbfeff, sa_flags=0x10000004
SIGINT: [libjvm.so+0x81d160], sa_mask[0]=0x7ffbfeff, sa_flags=0x10000004
SIGTERM: [libjvm.so+0x81d160], sa_mask[0]=0x7ffbfeff, sa_flags=0x10000004
SIGQUIT: [libjvm.so+0x81d160], sa_mask[0]=0x7ffbfeff, sa_flags=0x10000004


---------------  S Y S T E M  ---------------

OS:jessie/sid

uname:Linux 3.13.0-35-generic #62-Ubuntu SMP Fri Aug 15 01:58:42 UTC 2014 x86_64
libc:glibc 2.19 NPTL 2.19 
rlimit: STACK 8192k, CORE 0k, NPROC 21286, NOFILE 4096, AS infinity
load average:0.63 0.58 0.54

/proc/meminfo:
MemTotal:        2746208 kB
MemFree:          562640 kB
Buffers:           91520 kB
Cached:           840488 kB
SwapCached:        74380 kB
Active:           986292 kB
Inactive:         817096 kB
Active(anon):     517240 kB
Inactive(anon):   436572 kB
Active(file):     469052 kB
Inactive(file):   380524 kB
Unevictable:         112 kB
Mlocked:             112 kB
SwapTotal:      15988732 kB
SwapFree:       15776024 kB
Dirty:                36 kB
Writeback:             0 kB
AnonPages:        813568 kB
Mapped:            97964 kB
Shmem:             82432 kB
Slab:             203204 kB
SReclaimable:     153020 kB
SUnreclaim:        50184 kB
KernelStack:        5032 kB
PageTables:        50120 kB
NFS_Unstable:          0 kB
Bounce:                0 kB
WritebackTmp:          0 kB
CommitLimit:    17361836 kB
Committed_AS:    4285888 kB
VmallocTotal:   34359738367 kB
VmallocUsed:      556048 kB
VmallocChunk:   34359175644 kB
HardwareCorrupted:     0 kB
AnonHugePages:    438272 kB
HugePages_Total:       0
HugePages_Free:        0
HugePages_Rsvd:        0
HugePages_Surp:        0
Hugepagesize:       2048 kB
DirectMap4k:      199780 kB
DirectMap2M:     2674688 kB


CPU:total 4 (2 cores per cpu, 2 threads per core) family 6 model 37 stepping 5, cmov, cx8, fxsr, mmx, sse, sse2, sse3, ssse3, sse4.1, sse4.2, popcnt, ht, tsc, tscinvbit

/proc/cpuinfo:
processor	: 0
vendor_id	: GenuineIntel
cpu family	: 6
model		: 37
model name	: Intel(R) Core(TM) i3 CPU       M 370  @ 2.40GHz
stepping	: 5
microcode	: 0x2
cpu MHz		: 933.000
cache size	: 3072 KB
physical id	: 0
siblings	: 4
core id		: 0
cpu cores	: 2
apicid		: 0
initial apicid	: 0
fpu		: yes
fpu_exception	: yes
cpuid level	: 11
wp		: yes
flags		: fpu vme de pse tsc msr pae mce cx8 apic sep mtrr pge mca cmov pat pse36 clflush dts acpi mmx fxsr sse sse2 ss ht tm pbe syscall nx rdtscp lm constant_tsc arch_perfmon pebs bts rep_good nopl xtopology nonstop_tsc aperfmperf pni dtes64 monitor ds_cpl vmx est tm2 ssse3 cx16 xtpr pdcm pcid sse4_1 sse4_2 popcnt lahf_lm arat dtherm tpr_shadow vnmi flexpriority ept vpid
bogomips	: 4787.75
clflush size	: 64
cache_alignment	: 64
address sizes	: 36 bits physical, 48 bits virtual
power management:

processor	: 1
vendor_id	: GenuineIntel
cpu family	: 6
model		: 37
model name	: Intel(R) Core(TM) i3 CPU       M 370  @ 2.40GHz
stepping	: 5
microcode	: 0x2
cpu MHz		: 933.000
cache size	: 3072 KB
physical id	: 0
siblings	: 4
core id		: 0
cpu cores	: 2
apicid		: 1
initial apicid	: 1
fpu		: yes
fpu_exception	: yes
cpuid level	: 11
wp		: yes
flags		: fpu vme de pse tsc msr pae mce cx8 apic sep mtrr pge mca cmov pat pse36 clflush dts acpi mmx fxsr sse sse2 ss ht tm pbe syscall nx rdtscp lm constant_tsc arch_perfmon pebs bts rep_good nopl xtopology nonstop_tsc aperfmperf pni dtes64 monitor ds_cpl vmx est tm2 ssse3 cx16 xtpr pdcm pcid sse4_1 sse4_2 popcnt lahf_lm arat dtherm tpr_shadow vnmi flexpriority ept vpid
bogomips	: 4787.75
clflush size	: 64
cache_alignment	: 64
address sizes	: 36 bits physical, 48 bits virtual
power management:

processor	: 2
vendor_id	: GenuineIntel
cpu family	: 6
model		: 37
model name	: Intel(R) Core(TM) i3 CPU       M 370  @ 2.40GHz
stepping	: 5
microcode	: 0x2
cpu MHz		: 933.000
cache size	: 3072 KB
physical id	: 0
siblings	: 4
core id		: 2
cpu cores	: 2
apicid		: 4
initial apicid	: 4
fpu		: yes
fpu_exception	: yes
cpuid level	: 11
wp		: yes
flags		: fpu vme de pse tsc msr pae mce cx8 apic sep mtrr pge mca cmov pat pse36 clflush dts acpi mmx fxsr sse sse2 ss ht tm pbe syscall nx rdtscp lm constant_tsc arch_perfmon pebs bts rep_good nopl xtopology nonstop_tsc aperfmperf pni dtes64 monitor ds_cpl vmx est tm2 ssse3 cx16 xtpr pdcm pcid sse4_1 sse4_2 popcnt lahf_lm arat dtherm tpr_shadow vnmi flexpriority ept vpid
bogomips	: 4787.75
clflush size	: 64
cache_alignment	: 64
address sizes	: 36 bits physical, 48 bits virtual
power management:

processor	: 3
vendor_id	: GenuineIntel
cpu family	: 6
model		: 37
model name	: Intel(R) Core(TM) i3 CPU       M 370  @ 2.40GHz
stepping	: 5
microcode	: 0x2
cpu MHz		: 2399.000
cache size	: 3072 KB
physical id	: 0
siblings	: 4
core id		: 2
cpu cores	: 2
apicid		: 5
initial apicid	: 5
fpu		: yes
fpu_exception	: yes
cpuid level	: 11
wp		: yes
flags		: fpu vme de pse tsc msr pae mce cx8 apic sep mtrr pge mca cmov pat pse36 clflush dts acpi mmx fxsr sse sse2 ss ht tm pbe syscall nx rdtscp lm constant_tsc arch_perfmon pebs bts rep_good nopl xtopology nonstop_tsc aperfmperf pni dtes64 monitor ds_cpl vmx est tm2 ssse3 cx16 xtpr pdcm pcid sse4_1 sse4_2 popcnt lahf_lm arat dtherm tpr_shadow vnmi flexpriority ept vpid
bogomips	: 4787.75
clflush size	: 64
cache_alignment	: 64
address sizes	: 36 bits physical, 48 bits virtual
power management:



Memory: 4k page, physical 2746208k(562640k free), swap 15988732k(15776024k free)

vm_info: Java HotSpot(TM) 64-Bit Server VM (24.65-b04) for linux-amd64 JRE (1.7.0_67-b01), built on Jul 25 2014 09:20:21 by "java_re" with gcc 4.3.0 20080428 (Red Hat 4.3.0-8)

time: Thu Sep 25 19:13:25 2014
elapsed time: 9 seconds

